# JRE version: OpenJDK Runtime Environment (8.0_242-b01) (build 1.8.0_242-release-1644-b01)
# Java VM: OpenJDK 64-Bit Server VM (25.242-b01 mixed mode windows-amd64 compressed oops)
Heap:
 PSYoungGen      total 656384K, used 295448K [0x00000000d5580000, 0x00000000ffe80000, 0x0000000100000000)
  eden space 618496K, 44% used [0x00000000d5580000,0x00000000e616a670,0x00000000fb180000)
  from space 37888K, 55% used [0x00000000fd980000,0x00000000fee1ba00,0x00000000ffe80000)
  to   space 39424K, 0% used [0x00000000fb180000,0x00000000fb180000,0x00000000fd800000)
 ParOldGen       total 156672K, used 110712K [0x0000000080000000, 0x0000000089900000, 0x00000000d5580000)
  object space 156672K, 70% used [0x0000000080000000,0x0000000086c1e340,0x0000000089900000)
 Metaspace       used 96531K, capacity 101014K, committed 101208K, reserved 1136640K
  class space    used 12744K, capacity 13598K, committed 13696K, reserved 1048576K
GC Heap History (10 events):
Event: 72.125 GC heap before
{Heap before GC invocations=28 (full 4):
 PSYoungGen      total 503296K, used 468371K [0x00000000d5580000, 0x00000000fbb00000, 0x0000000100000000)
  eden space 462848K, 100% used [0x00000000d5580000,0x00000000f1980000,0x00000000f1980000)
  from space 40448K, 13% used [0x00000000f1980000,0x00000000f1ee4d10,0x00000000f4100000)
  to   space 38912K, 0% used [0x00000000f9500000,0x00000000f9500000,0x00000000fbb00000)
 ParOldGen       total 156672K, used 110680K [0x0000000080000000, 0x0000000089900000, 0x00000000d5580000)
  object space 156672K, 70% used [0x0000000080000000,0x0000000086c16340,0x0000000089900000)
 Metaspace       used 93724K, capacity 97874K, committed 98904K, reserved 1134592K
  class space    used 12368K, capacity 13158K, committed 13440K, reserved 1048576K
Event: 72.158 GC heap after
Heap after GC invocations=28 (full 4):
 PSYoungGen      total 570880K, used 10133K [0x00000000d5580000, 0x00000000fb000000, 0x0000000100000000)
  eden space 543232K, 0% used [0x00000000d5580000,0x00000000d5580000,0x00000000f6800000)
  from space 27648K, 36% used [0x00000000f9500000,0x00000000f9ee5488,0x00000000fb000000)
  to   space 36864K, 0% used [0x00000000f6800000,0x00000000f6800000,0x00000000f8c00000)
 ParOldGen       total 156672K, used 110688K [0x0000000080000000, 0x0000000089900000, 0x00000000d5580000)
  object space 156672K, 70% used [0x0000000080000000,0x0000000086c18340,0x0000000089900000)
 Metaspace       used 93724K, capacity 97874K, committed 98904K, reserved 1134592K
  class space    used 12368K, capacity 13158K, committed 13440K, reserved 1048576K
}
Event: 74.340 GC heap before
{Heap before GC invocations=29 (full 4):
 PSYoungGen      total 570880K, used 553365K [0x00000000d5580000, 0x00000000fb000000, 0x0000000100000000)
  eden space 543232K, 100% used [0x00000000d5580000,0x00000000f6800000,0x00000000f6800000)
  from space 27648K, 36% used [0x00000000f9500000,0x00000000f9ee5488,0x00000000fb000000)
  to   space 36864K, 0% used [0x00000000f6800000,0x00000000f6800000,0x00000000f8c00000)
 ParOldGen       total 156672K, used 110688K [0x0000000080000000, 0x0000000089900000, 0x00000000d5580000)
  object space 156672K, 70% used [0x0000000080000000,0x0000000086c18340,0x0000000089900000)
 Metaspace       used 93779K, capacity 97950K, committed 98904K, reserved 1134592K
  class space    used 12368K, capacity 13158K, committed 13440K, reserved 1048576K
Event: 74.406 GC heap after
Heap after GC invocations=29 (full 4):
 PSYoungGen      total 580096K, used 25362K [0x00000000d5580000, 0x00000000ffb00000, 0x0000000100000000)
  eden space 543232K, 0% used [0x00000000d5580000,0x00000000d5580000,0x00000000f6800000)
  from space 36864K, 68% used [0x00000000f6800000,0x00000000f80c4b40,0x00000000f8c00000)
  to   space 39424K, 0% used [0x00000000fd480000,0x00000000fd480000,0x00000000ffb00000)
 ParOldGen       total 156672K, used 110696K [0x0000000080000000, 0x0000000089900000, 0x00000000d5580000)
  object space 156672K, 70% used [0x0000000080000000,0x0000000086c1a340,0x0000000089900000)
 Metaspace       used 93779K, capacity 97950K, committed 98904K, reserved 1134592K
  class space    used 12368K, capacity 13158K, committed 13440K, reserved 1048576K
}
Event: 76.706 GC heap before
{Heap before GC invocations=30 (full 4):
 PSYoungGen      total 580096K, used 568594K [0x00000000d5580000, 0x00000000ffb00000, 0x0000000100000000)
  eden space 543232K, 100% used [0x00000000d5580000,0x00000000f6800000,0x00000000f6800000)
  from space 36864K, 68% used [0x00000000f6800000,0x00000000f80c4b40,0x00000000f8c00000)
  to   space 39424K, 0% used [0x00000000fd480000,0x00000000fd480000,0x00000000ffb00000)
 ParOldGen       total 156672K, used 110696K [0x0000000080000000, 0x0000000089900000, 0x00000000d5580000)
  object space 156672K, 70% used [0x0000000080000000,0x0000000086c1a340,0x0000000089900000)
 Metaspace       used 93805K, capacity 97950K, committed 98904K, reserved 1134592K
  class space    used 12368K, capacity 13158K, committed 13440K, reserved 1048576K
Event: 76.744 GC heap after
Heap after GC invocations=30 (full 4):
 PSYoungGen      total 648192K, used 25269K [0x00000000d5580000, 0x00000000ff980000, 0x0000000100000000)
  eden space 610304K, 0% used [0x00000000d5580000,0x00000000d5580000,0x00000000fa980000)
  from space 37888K, 66% used [0x00000000fd480000,0x00000000fed2d618,0x00000000ff980000)
  to   space 40960K, 0% used [0x00000000fa980000,0x00000000fa980000,0x00000000fd180000)
 ParOldGen       total 156672K, used 110696K [0x0000000080000000, 0x0000000089900000, 0x00000000d5580000)
  object space 156672K, 70% used [0x0000000080000000,0x0000000086c1a340,0x0000000089900000)
 Metaspace       used 93805K, capacity 97950K, committed 98904K, reserved 1134592K
  class space    used 12368K, capacity 13158K, committed 13440K, reserved 1048576K
}
Event: 78.903 GC heap before
{Heap before GC invocations=31 (full 4):
 PSYoungGen      total 648192K, used 635573K [0x00000000d5580000, 0x00000000ff980000, 0x0000000100000000)
  eden space 610304K, 100% used [0x00000000d5580000,0x00000000fa980000,0x00000000fa980000)
  from space 37888K, 66% used [0x00000000fd480000,0x00000000fed2d618,0x00000000ff980000)
  to   space 40960K, 0% used [0x00000000fa980000,0x00000000fa980000,0x00000000fd180000)
 ParOldGen       total 156672K, used 110696K [0x0000000080000000, 0x0000000089900000, 0x00000000d5580000)
  object space 156672K, 70% used [0x0000000080000000,0x0000000086c1a340,0x0000000089900000)
 Metaspace       used 93857K, capacity 98032K, committed 98904K, reserved 1134592K
  class space    used 12369K, capacity 13159K, committed 13440K, reserved 1048576K
Event: 78.930 GC heap after
Heap after GC invocations=31 (full 4):
 PSYoungGen      total 651264K, used 18472K [0x00000000d5580000, 0x0000000100000000, 0x0000000100000000)
  eden space 610304K, 0% used [0x00000000d5580000,0x00000000d5580000,0x00000000fa980000)
  from space 40960K, 45% used [0x00000000fa980000,0x00000000fbb8a0b8,0x00000000fd180000)
  to   space 39424K, 0% used [0x00000000fd980000,0x00000000fd980000,0x0000000100000000)
 ParOldGen       total 156672K, used 110704K [0x0000000080000000, 0x0000000089900000, 0x00000000d5580000)
  object space 156672K, 70% used [0x0000000080000000,0x0000000086c1c340,0x0000000089900000)
 Metaspace       used 93857K, capacity 98032K, committed 98904K, reserved 1134592K
  class space    used 12369K, capacity 13159K, committed 13440K, reserved 1048576K
}
Event: 86.814 GC heap before
{Heap before GC invocations=32 (full 4):
 PSYoungGen      total 651264K, used 627295K [0x00000000d5580000, 0x0000000100000000, 0x0000000100000000)
  eden space 610304K, 99% used [0x00000000d5580000,0x00000000fa80ddb8,0x00000000fa980000)
  from space 40960K, 45% used [0x00000000fa980000,0x00000000fbb8a0b8,0x00000000fd180000)
  to   space 39424K, 0% used [0x00000000fd980000,0x00000000fd980000,0x0000000100000000)
 ParOldGen       total 156672K, used 110704K [0x0000000080000000, 0x0000000089900000, 0x00000000d5580000)
  object space 156672K, 70% used [0x0000000080000000,0x0000000086c1c340,0x0000000089900000)
 Metaspace       used 94630K, capacity 98950K, committed 99672K, reserved 1136640K
  class space    used 12451K, capacity 13242K, committed 13440K, reserved 1048576K
Event: 86.885 GC heap after
Heap after GC invocations=32 (full 4):
 PSYoungGen      total 656384K, used 21102K [0x00000000d5580000, 0x00000000ffe80000, 0x0000000100000000)
  eden space 618496K, 0% used [0x00000000d5580000,0x00000000d5580000,0x00000000fb180000)
  from space 37888K, 55% used [0x00000000fd980000,0x00000000fee1ba00,0x00000000ffe80000)
  to   space 39424K, 0% used [0x00000000fb180000,0x00000000fb180000,0x00000000fd800000)
 ParOldGen       total 156672K, used 110712K [0x0000000080000000, 0x0000000089900000, 0x00000000d5580000)
  object space 156672K, 70% used [0x0000000080000000,0x0000000086c1e340,0x0000000089900000)
 Metaspace       used 94630K, capacity 98950K, committed 99672K, reserved 1136640K
  class space    used 12451K, capacity 13242K, committed 13440K, reserved 1048576K
}

