# JRE version: OpenJDK Runtime Environment (8.0_242-b01) (build 1.8.0_242-release-1644-b01)
# Java VM: OpenJDK 64-Bit Server VM (25.242-b01 mixed mode windows-amd64 compressed oops)
Heap:
 PSYoungGen      total 34304K, used 3233K [0x00000000eb580000, 0x00000000ed980000, 0x0000000100000000)
  eden space 31744K, 10% used [0x00000000eb580000,0x00000000eb8a8588,0x00000000ed480000)
  from space 2560K, 0% used [0x00000000ed700000,0x00000000ed700000,0x00000000ed980000)
  to   space 2560K, 0% used [0x00000000ed480000,0x00000000ed480000,0x00000000ed700000)
 ParOldGen       total 43520K, used 9993K [0x00000000c2000000, 0x00000000c4a80000, 0x00000000eb580000)
  object space 43520K, 22% used [0x00000000c2000000,0x00000000c29c2688,0x00000000c4a80000)
 Metaspace       used 21848K, capacity 22400K, committed 22528K, reserved 1069056K
  class space    used 2601K, capacity 2738K, committed 2816K, reserved 1048576K
GC Heap History (10 events):
Event: 0.363 GC heap before
{Heap before GC invocations=1 (full 0):
 PSYoungGen      total 18432K, used 15872K [0x00000000eb580000, 0x00000000eca00000, 0x0000000100000000)
  eden space 15872K, 100% used [0x00000000eb580000,0x00000000ec500000,0x00000000ec500000)
  from space 2560K, 0% used [0x00000000ec780000,0x00000000ec780000,0x00000000eca00000)
  to   space 2560K, 0% used [0x00000000ec500000,0x00000000ec500000,0x00000000ec780000)
 ParOldGen       total 42496K, used 0K [0x00000000c2000000, 0x00000000c4980000, 0x00000000eb580000)
  object space 42496K, 0% used [0x00000000c2000000,0x00000000c2000000,0x00000000c4980000)
 Metaspace       used 7080K, capacity 7468K, committed 7808K, reserved 1056768K
  class space    used 707K, capacity 796K, committed 896K, reserved 1048576K
Event: 0.368 GC heap after
Heap after GC invocations=1 (full 0):
 PSYoungGen      total 18432K, used 2546K [0x00000000eb580000, 0x00000000ed980000, 0x0000000100000000)
  eden space 15872K, 0% used [0x00000000eb580000,0x00000000eb580000,0x00000000ec500000)
  from space 2560K, 99% used [0x00000000ec500000,0x00000000ec77ca08,0x00000000ec780000)
  to   space 2560K, 0% used [0x00000000ed700000,0x00000000ed700000,0x00000000ed980000)
 ParOldGen       total 42496K, used 1214K [0x00000000c2000000, 0x00000000c4980000, 0x00000000eb580000)
  object space 42496K, 2% used [0x00000000c2000000,0x00000000c212f8d8,0x00000000c4980000)
 Metaspace       used 7080K, capacity 7468K, committed 7808K, reserved 1056768K
  class space    used 707K, capacity 796K, committed 896K, reserved 1048576K
}
Event: 0.551 GC heap before
{Heap before GC invocations=2 (full 0):
 PSYoungGen      total 18432K, used 18418K [0x00000000eb580000, 0x00000000ed980000, 0x0000000100000000)
  eden space 15872K, 100% used [0x00000000eb580000,0x00000000ec500000,0x00000000ec500000)
  from space 2560K, 99% used [0x00000000ec500000,0x00000000ec77ca08,0x00000000ec780000)
  to   space 2560K, 0% used [0x00000000ed700000,0x00000000ed700000,0x00000000ed980000)
 ParOldGen       total 42496K, used 1214K [0x00000000c2000000, 0x00000000c4980000, 0x00000000eb580000)
  object space 42496K, 2% used [0x00000000c2000000,0x00000000c212f8d8,0x00000000c4980000)
 Metaspace       used 9835K, capacity 9980K, committed 10112K, reserved 1058816K
  class space    used 1059K, capacity 1116K, committed 1152K, reserved 1048576K
Event: 0.556 GC heap after
Heap after GC invocations=2 (full 0):
 PSYoungGen      total 34304K, used 2552K [0x00000000eb580000, 0x00000000ed980000, 0x0000000100000000)
  eden space 31744K, 0% used [0x00000000eb580000,0x00000000eb580000,0x00000000ed480000)
  from space 2560K, 99% used [0x00000000ed700000,0x00000000ed97e3a8,0x00000000ed980000)
  to   space 2560K, 0% used [0x00000000ed480000,0x00000000ed480000,0x00000000ed700000)
 ParOldGen       total 42496K, used 3930K [0x00000000c2000000, 0x00000000c4980000, 0x00000000eb580000)
  object space 42496K, 9% used [0x00000000c2000000,0x00000000c23d6bb8,0x00000000c4980000)
 Metaspace       used 9835K, capacity 9980K, committed 10112K, reserved 1058816K
  class space    used 1059K, capacity 1116K, committed 1152K, reserved 1048576K
}
Event: 1.379 GC heap before
{Heap before GC invocations=3 (full 0):
 PSYoungGen      total 34304K, used 34296K [0x00000000eb580000, 0x00000000ed980000, 0x0000000100000000)
  eden space 31744K, 100% used [0x00000000eb580000,0x00000000ed480000,0x00000000ed480000)
  from space 2560K, 99% used [0x00000000ed700000,0x00000000ed97e3a8,0x00000000ed980000)
  to   space 2560K, 0% used [0x00000000ed480000,0x00000000ed480000,0x00000000ed700000)
 ParOldGen       total 42496K, used 3930K [0x00000000c2000000, 0x00000000c4980000, 0x00000000eb580000)
  object space 42496K, 9% used [0x00000000c2000000,0x00000000c23d6bb8,0x00000000c4980000)
 Metaspace       used 15302K, capacity 15642K, committed 15744K, reserved 1062912K
  class space    used 1763K, capacity 1879K, committed 1920K, reserved 1048576K
Event: 1.389 GC heap after
Heap after GC invocations=3 (full 0):
 PSYoungGen      total 34304K, used 2546K [0x00000000eb580000, 0x00000000ed980000, 0x0000000100000000)
  eden space 31744K, 0% used [0x00000000eb580000,0x00000000eb580000,0x00000000ed480000)
  from space 2560K, 99% used [0x00000000ed480000,0x00000000ed6fcbf8,0x00000000ed700000)
  to   space 2560K, 0% used [0x00000000ed700000,0x00000000ed700000,0x00000000ed980000)
 ParOldGen       total 42496K, used 11229K [0x00000000c2000000, 0x00000000c4980000, 0x00000000eb580000)
  object space 42496K, 26% used [0x00000000c2000000,0x00000000c2af7790,0x00000000c4980000)
 Metaspace       used 15302K, capacity 15642K, committed 15744K, reserved 1062912K
  class space    used 1763K, capacity 1879K, committed 1920K, reserved 1048576K
}
Event: 1.929 GC heap before
{Heap before GC invocations=4 (full 0):
 PSYoungGen      total 34304K, used 24946K [0x00000000eb580000, 0x00000000ed980000, 0x0000000100000000)
  eden space 31744K, 70% used [0x00000000eb580000,0x00000000ecb5fcc8,0x00000000ed480000)
  from space 2560K, 99% used [0x00000000ed480000,0x00000000ed6fcbf8,0x00000000ed700000)
  to   space 2560K, 0% used [0x00000000ed700000,0x00000000ed700000,0x00000000ed980000)
 ParOldGen       total 42496K, used 11229K [0x00000000c2000000, 0x00000000c4980000, 0x00000000eb580000)
  object space 42496K, 26% used [0x00000000c2000000,0x00000000c2af7790,0x00000000c4980000)
 Metaspace       used 20866K, capacity 21204K, committed 21248K, reserved 1069056K
  class space    used 2450K, capacity 2558K, committed 2560K, reserved 1048576K
Event: 1.936 GC heap after
Heap after GC invocations=4 (full 0):
 PSYoungGen      total 34304K, used 2551K [0x00000000eb580000, 0x00000000ed980000, 0x0000000100000000)
  eden space 31744K, 0% used [0x00000000eb580000,0x00000000eb580000,0x00000000ed480000)
  from space 2560K, 99% used [0x00000000ed700000,0x00000000ed97dc18,0x00000000ed980000)
  to   space 2560K, 0% used [0x00000000ed480000,0x00000000ed480000,0x00000000ed700000)
 ParOldGen       total 42496K, used 16229K [0x00000000c2000000, 0x00000000c4980000, 0x00000000eb580000)
  object space 42496K, 38% used [0x00000000c2000000,0x00000000c2fd97e0,0x00000000c4980000)
 Metaspace       used 20866K, capacity 21204K, committed 21248K, reserved 1069056K
  class space    used 2450K, capacity 2558K, committed 2560K, reserved 1048576K
}
Event: 1.936 GC heap before
{Heap before GC invocations=5 (full 1):
 PSYoungGen      total 34304K, used 2551K [0x00000000eb580000, 0x00000000ed980000, 0x0000000100000000)
  eden space 31744K, 0% used [0x00000000eb580000,0x00000000eb580000,0x00000000ed480000)
  from space 2560K, 99% used [0x00000000ed700000,0x00000000ed97dc18,0x00000000ed980000)
  to   space 2560K, 0% used [0x00000000ed480000,0x00000000ed480000,0x00000000ed700000)
 ParOldGen       total 42496K, used 16229K [0x00000000c2000000, 0x00000000c4980000, 0x00000000eb580000)
  object space 42496K, 38% used [0x00000000c2000000,0x00000000c2fd97e0,0x00000000c4980000)
 Metaspace       used 20866K, capacity 21204K, committed 21248K, reserved 1069056K
  class space    used 2450K, capacity 2558K, committed 2560K, reserved 1048576K
Event: 1.974 GC heap after
Heap after GC invocations=5 (full 1):
 PSYoungGen      total 34304K, used 0K [0x00000000eb580000, 0x00000000ed980000, 0x0000000100000000)
  eden space 31744K, 0% used [0x00000000eb580000,0x00000000eb580000,0x00000000ed480000)
  from space 2560K, 0% used [0x00000000ed700000,0x00000000ed700000,0x00000000ed980000)
  to   space 2560K, 0% used [0x00000000ed480000,0x00000000ed480000,0x00000000ed700000)
 ParOldGen       total 43520K, used 9993K [0x00000000c2000000, 0x00000000c4a80000, 0x00000000eb580000)
  object space 43520K, 22% used [0x00000000c2000000,0x00000000c29c2688,0x00000000c4a80000)
 Metaspace       used 20866K, capacity 21204K, committed 21248K, reserved 1069056K
  class space    used 2450K, capacity 2558K, committed 2560K, reserved 1048576K
}

