# JRE version: OpenJDK Runtime Environment (8.0_242-b01) (build 1.8.0_242-release-1644-b01)
# Java VM: OpenJDK 64-Bit Server VM (25.242-b01 mixed mode windows-amd64 compressed oops)
Heap:
 PSYoungGen      total 351744K, used 124447K [0x00000000d5580000, 0x00000000f1580000, 0x0000000100000000)
  eden space 271872K, 33% used [0x00000000d5580000,0x00000000dae605b0,0x00000000e5f00000)
  from space 79872K, 41% used [0x00000000e5f00000,0x00000000e7fa76b0,0x00000000ead00000)
  to   space 76288K, 0% used [0x00000000ecb00000,0x00000000ecb00000,0x00000000f1580000)
 ParOldGen       total 231936K, used 120559K [0x0000000080000000, 0x000000008e280000, 0x00000000d5580000)
  object space 231936K, 51% used [0x0000000080000000,0x00000000875bbf70,0x000000008e280000)
 Metaspace       used 104894K, capacity 110818K, committed 111064K, reserved 1144832K
  class space    used 13858K, capacity 14980K, committed 15104K, reserved 1048576K
GC Heap History (10 events):
Event: 242.976 GC heap before
{Heap before GC invocations=26 (full 4):
 PSYoungGen      total 243200K, used 243194K [0x00000000d5580000, 0x00000000eba80000, 0x0000000100000000)
  eden space 197632K, 100% used [0x00000000d5580000,0x00000000e1680000,0x00000000e1680000)
  from space 45568K, 99% used [0x00000000e1680000,0x00000000e42febf0,0x00000000e4300000)
  to   space 66560K, 0% used [0x00000000e7980000,0x00000000e7980000,0x00000000eba80000)
 ParOldGen       total 190464K, used 146543K [0x0000000080000000, 0x000000008ba00000, 0x00000000d5580000)
  object space 190464K, 76% used [0x0000000080000000,0x0000000088f1bf78,0x000000008ba00000)
 Metaspace       used 87874K, capacity 92110K, committed 92248K, reserved 1128448K
  class space    used 11796K, capacity 12578K, committed 12672K, reserved 1048576K
Event: 243.057 GC heap after
Heap after GC invocations=26 (full 4):
 PSYoungGen      total 285696K, used 30684K [0x00000000d5580000, 0x00000000eb280000, 0x0000000100000000)
  eden space 227328K, 0% used [0x00000000d5580000,0x00000000d5580000,0x00000000e3380000)
  from space 58368K, 52% used [0x00000000e7980000,0x00000000e97770d0,0x00000000eb280000)
  to   space 65024K, 0% used [0x00000000e3380000,0x00000000e3380000,0x00000000e7300000)
 ParOldGen       total 190464K, used 154443K [0x0000000080000000, 0x000000008ba00000, 0x00000000d5580000)
  object space 190464K, 81% used [0x0000000080000000,0x00000000896d2dc0,0x000000008ba00000)
 Metaspace       used 87874K, capacity 92110K, committed 92248K, reserved 1128448K
  class space    used 11796K, capacity 12578K, committed 12672K, reserved 1048576K
}
Event: 244.095 GC heap before
{Heap before GC invocations=27 (full 4):
 PSYoungGen      total 285696K, used 255661K [0x00000000d5580000, 0x00000000eb280000, 0x0000000100000000)
  eden space 227328K, 98% used [0x00000000d5580000,0x00000000e3134678,0x00000000e3380000)
  from space 58368K, 52% used [0x00000000e7980000,0x00000000e97770d0,0x00000000eb280000)
  to   space 65024K, 0% used [0x00000000e3380000,0x00000000e3380000,0x00000000e7300000)
 ParOldGen       total 190464K, used 154443K [0x0000000080000000, 0x000000008ba00000, 0x00000000d5580000)
  object space 190464K, 81% used [0x0000000080000000,0x00000000896d2dc0,0x000000008ba00000)
 Metaspace       used 87903K, capacity 92132K, committed 92248K, reserved 1128448K
  class space    used 11798K, capacity 12581K, committed 12672K, reserved 1048576K
Event: 244.196 GC heap after
Heap after GC invocations=27 (full 4):
 PSYoungGen      total 292352K, used 65006K [0x00000000d5580000, 0x00000000f0580000, 0x0000000100000000)
  eden space 227328K, 0% used [0x00000000d5580000,0x00000000d5580000,0x00000000e3380000)
  from space 65024K, 99% used [0x00000000e3380000,0x00000000e72fb860,0x00000000e7300000)
  to   space 84992K, 0% used [0x00000000eb280000,0x00000000eb280000,0x00000000f0580000)
 ParOldGen       total 190464K, used 177824K [0x0000000080000000, 0x000000008ba00000, 0x00000000d5580000)
  object space 190464K, 93% used [0x0000000080000000,0x000000008ada80d8,0x000000008ba00000)
 Metaspace       used 87903K, capacity 92132K, committed 92248K, reserved 1128448K
  class space    used 11798K, capacity 12581K, committed 12672K, reserved 1048576K
}
Event: 244.197 GC heap before
{Heap before GC invocations=28 (full 5):
 PSYoungGen      total 292352K, used 65006K [0x00000000d5580000, 0x00000000f0580000, 0x0000000100000000)
  eden space 227328K, 0% used [0x00000000d5580000,0x00000000d5580000,0x00000000e3380000)
  from space 65024K, 99% used [0x00000000e3380000,0x00000000e72fb860,0x00000000e7300000)
  to   space 84992K, 0% used [0x00000000eb280000,0x00000000eb280000,0x00000000f0580000)
 ParOldGen       total 190464K, used 177824K [0x0000000080000000, 0x000000008ba00000, 0x00000000d5580000)
  object space 190464K, 93% used [0x0000000080000000,0x000000008ada80d8,0x000000008ba00000)
 Metaspace       used 87903K, capacity 92132K, committed 92248K, reserved 1128448K
  class space    used 11798K, capacity 12581K, committed 12672K, reserved 1048576K
Event: 244.966 GC heap after
Heap after GC invocations=28 (full 5):
 PSYoungGen      total 292352K, used 0K [0x00000000d5580000, 0x00000000f0580000, 0x0000000100000000)
  eden space 227328K, 0% used [0x00000000d5580000,0x00000000d5580000,0x00000000e3380000)
  from space 65024K, 0% used [0x00000000e3380000,0x00000000e3380000,0x00000000e7300000)
  to   space 84992K, 0% used [0x00000000eb280000,0x00000000eb280000,0x00000000f0580000)
 ParOldGen       total 231936K, used 120551K [0x0000000080000000, 0x000000008e280000, 0x00000000d5580000)
  object space 231936K, 51% used [0x0000000080000000,0x00000000875b9f70,0x000000008e280000)
 Metaspace       used 87903K, capacity 92132K, committed 92248K, reserved 1128448K
  class space    used 11798K, capacity 12581K, committed 12672K, reserved 1048576K
}
Event: 795.964 GC heap before
{Heap before GC invocations=29 (full 5):
 PSYoungGen      total 292352K, used 227328K [0x00000000d5580000, 0x00000000f0580000, 0x0000000100000000)
  eden space 227328K, 100% used [0x00000000d5580000,0x00000000e3380000,0x00000000e3380000)
  from space 65024K, 0% used [0x00000000e3380000,0x00000000e3380000,0x00000000e7300000)
  to   space 84992K, 0% used [0x00000000eb280000,0x00000000eb280000,0x00000000f0580000)
 ParOldGen       total 231936K, used 120551K [0x0000000080000000, 0x000000008e280000, 0x00000000d5580000)
  object space 231936K, 51% used [0x0000000080000000,0x00000000875b9f70,0x000000008e280000)
 Metaspace       used 95119K, capacity 100008K, committed 100056K, reserved 1136640K
  class space    used 12672K, capacity 13566K, committed 13568K, reserved 1048576K
Event: 796.196 GC heap after
Heap after GC invocations=29 (full 5):
 PSYoungGen      total 346112K, used 27390K [0x00000000d5580000, 0x00000000efb00000, 0x0000000100000000)
  eden space 271872K, 0% used [0x00000000d5580000,0x00000000d5580000,0x00000000e5f00000)
  from space 74240K, 36% used [0x00000000eb280000,0x00000000ecd3fb60,0x00000000efb00000)
  to   space 79872K, 0% used [0x00000000e5f00000,0x00000000e5f00000,0x00000000ead00000)
 ParOldGen       total 231936K, used 120559K [0x0000000080000000, 0x000000008e280000, 0x00000000d5580000)
  object space 231936K, 51% used [0x0000000080000000,0x00000000875bbf70,0x000000008e280000)
 Metaspace       used 95119K, capacity 100008K, committed 100056K, reserved 1136640K
  class space    used 12672K, capacity 13566K, committed 13568K, reserved 1048576K
}
Event: 909.949 GC heap before
{Heap before GC invocations=30 (full 5):
 PSYoungGen      total 346112K, used 299262K [0x00000000d5580000, 0x00000000efb00000, 0x0000000100000000)
  eden space 271872K, 100% used [0x00000000d5580000,0x00000000e5f00000,0x00000000e5f00000)
  from space 74240K, 36% used [0x00000000eb280000,0x00000000ecd3fb60,0x00000000efb00000)
  to   space 79872K, 0% used [0x00000000e5f00000,0x00000000e5f00000,0x00000000ead00000)
 ParOldGen       total 231936K, used 120559K [0x0000000080000000, 0x000000008e280000, 0x00000000d5580000)
  object space 231936K, 51% used [0x0000000080000000,0x00000000875bbf70,0x000000008e280000)
 Metaspace       used 104535K, capacity 110474K, committed 110680K, reserved 1144832K
  class space    used 13838K, capacity 14946K, committed 14976K, reserved 1048576K
Event: 910.118 GC heap after
Heap after GC invocations=30 (full 5):
 PSYoungGen      total 351744K, used 33437K [0x00000000d5580000, 0x00000000f1580000, 0x0000000100000000)
  eden space 271872K, 0% used [0x00000000d5580000,0x00000000d5580000,0x00000000e5f00000)
  from space 79872K, 41% used [0x00000000e5f00000,0x00000000e7fa76b0,0x00000000ead00000)
  to   space 76288K, 0% used [0x00000000ecb00000,0x00000000ecb00000,0x00000000f1580000)
 ParOldGen       total 231936K, used 120559K [0x0000000080000000, 0x000000008e280000, 0x00000000d5580000)
  object space 231936K, 51% used [0x0000000080000000,0x00000000875bbf70,0x000000008e280000)
 Metaspace       used 104535K, capacity 110474K, committed 110680K, reserved 1144832K
  class space    used 13838K, capacity 14946K, committed 14976K, reserved 1048576K
}

