# JRE version: OpenJDK Runtime Environment (8.0_242-b01) (build 1.8.0_242-release-1644-b01)
# Java VM: OpenJDK 64-Bit Server VM (25.242-b01 mixed mode windows-amd64 compressed oops)
Heap:
 PSYoungGen      total 349696K, used 99496K [0x00000000d5580000, 0x00000000eca00000, 0x0000000100000000)
  eden space 317952K, 21% used [0x00000000d5580000,0x00000000d97b1d48,0x00000000e8c00000)
  from space 31744K, 99% used [0x00000000e8c00000,0x00000000eaaf8650,0x00000000eab00000)
  to   space 28672K, 0% used [0x00000000eae00000,0x00000000eae00000,0x00000000eca00000)
 ParOldGen       total 150528K, used 87113K [0x0000000080000000, 0x0000000089300000, 0x00000000d5580000)
  object space 150528K, 57% used [0x0000000080000000,0x0000000085512420,0x0000000089300000)
 Metaspace       used 114152K, capacity 119690K, committed 119832K, reserved 1153024K
  class space    used 14811K, capacity 15839K, committed 15912K, reserved 1048576K
GC Heap History (10 events):
Event: 1013.887 GC heap before
{Heap before GC invocations=21 (full 3):
 PSYoungGen      total 301056K, used 117636K [0x00000000d5580000, 0x00000000e9e80000, 0x0000000100000000)
  eden space 280576K, 34% used [0x00000000d5580000,0x00000000db462230,0x00000000e6780000)
  from space 20480K, 99% used [0x00000000e7380000,0x00000000e877ee58,0x00000000e8780000)
  to   space 23552K, 0% used [0x00000000e8780000,0x00000000e8780000,0x00000000e9e80000)
 ParOldGen       total 88576K, used 62025K [0x0000000080000000, 0x0000000085680000, 0x00000000d5580000)
  object space 88576K, 70% used [0x0000000080000000,0x0000000083c924f0,0x0000000085680000)
 Metaspace       used 94026K, capacity 98540K, committed 98584K, reserved 1134592K
  class space    used 12165K, capacity 13054K, committed 13096K, reserved 1048576K
Event: 1013.952 GC heap after
Heap after GC invocations=21 (full 3):
 PSYoungGen      total 303104K, used 23532K [0x00000000d5580000, 0x00000000ece80000, 0x0000000100000000)
  eden space 279552K, 0% used [0x00000000d5580000,0x00000000d5580000,0x00000000e6680000)
  from space 23552K, 99% used [0x00000000e8780000,0x00000000e9e7b178,0x00000000e9e80000)
  to   space 33792K, 0% used [0x00000000e6680000,0x00000000e6680000,0x00000000e8780000)
 ParOldGen       total 88576K, used 71033K [0x0000000080000000, 0x0000000085680000, 0x00000000d5580000)
  object space 88576K, 80% used [0x0000000080000000,0x000000008455e588,0x0000000085680000)
 Metaspace       used 94026K, capacity 98540K, committed 98584K, reserved 1134592K
  class space    used 12165K, capacity 13054K, committed 13096K, reserved 1048576K
}
Event: 1013.953 GC heap before
{Heap before GC invocations=22 (full 4):
 PSYoungGen      total 303104K, used 23532K [0x00000000d5580000, 0x00000000ece80000, 0x0000000100000000)
  eden space 279552K, 0% used [0x00000000d5580000,0x00000000d5580000,0x00000000e6680000)
  from space 23552K, 99% used [0x00000000e8780000,0x00000000e9e7b178,0x00000000e9e80000)
  to   space 33792K, 0% used [0x00000000e6680000,0x00000000e6680000,0x00000000e8780000)
 ParOldGen       total 88576K, used 71033K [0x0000000080000000, 0x0000000085680000, 0x00000000d5580000)
  object space 88576K, 80% used [0x0000000080000000,0x000000008455e588,0x0000000085680000)
 Metaspace       used 94026K, capacity 98540K, committed 98584K, reserved 1134592K
  class space    used 12165K, capacity 13054K, committed 13096K, reserved 1048576K
Event: 1014.824 GC heap after
Heap after GC invocations=22 (full 4):
 PSYoungGen      total 303104K, used 0K [0x00000000d5580000, 0x00000000ece80000, 0x0000000100000000)
  eden space 279552K, 0% used [0x00000000d5580000,0x00000000d5580000,0x00000000e6680000)
  from space 23552K, 0% used [0x00000000e8780000,0x00000000e8780000,0x00000000e9e80000)
  to   space 33792K, 0% used [0x00000000e6680000,0x00000000e6680000,0x00000000e8780000)
 ParOldGen       total 150528K, used 75530K [0x0000000080000000, 0x0000000089300000, 0x00000000d5580000)
  object space 150528K, 50% used [0x0000000080000000,0x00000000849c2b00,0x0000000089300000)
 Metaspace       used 93845K, capacity 98028K, committed 98584K, reserved 1134592K
  class space    used 12105K, capacity 12950K, committed 13096K, reserved 1048576K
}
Event: 1044.938 GC heap before
{Heap before GC invocations=23 (full 4):
 PSYoungGen      total 303104K, used 279552K [0x00000000d5580000, 0x00000000ece80000, 0x0000000100000000)
  eden space 279552K, 100% used [0x00000000d5580000,0x00000000e6680000,0x00000000e6680000)
  from space 23552K, 0% used [0x00000000e8780000,0x00000000e8780000,0x00000000e9e80000)
  to   space 33792K, 0% used [0x00000000e6680000,0x00000000e6680000,0x00000000e8780000)
 ParOldGen       total 150528K, used 75530K [0x0000000080000000, 0x0000000089300000, 0x00000000d5580000)
  object space 150528K, 50% used [0x0000000080000000,0x00000000849c2b00,0x0000000089300000)
 Metaspace       used 99143K, capacity 103470K, committed 103576K, reserved 1138688K
  class space    used 12782K, capacity 13647K, committed 13736K, reserved 1048576K
Event: 1045.109 GC heap after
Heap after GC invocations=23 (full 4):
 PSYoungGen      total 313344K, used 9191K [0x00000000d5580000, 0x00000000ece00000, 0x0000000100000000)
  eden space 279552K, 0% used [0x00000000d5580000,0x00000000d5580000,0x00000000e6680000)
  from space 33792K, 27% used [0x00000000e6680000,0x00000000e6f79c08,0x00000000e8780000)
  to   space 32768K, 0% used [0x00000000eae00000,0x00000000eae00000,0x00000000ece00000)
 ParOldGen       total 150528K, used 75538K [0x0000000080000000, 0x0000000089300000, 0x00000000d5580000)
  object space 150528K, 50% used [0x0000000080000000,0x00000000849c4b00,0x0000000089300000)
 Metaspace       used 99143K, capacity 103470K, committed 103576K, reserved 1138688K
  class space    used 12782K, capacity 13647K, committed 13736K, reserved 1048576K
}
Event: 1050.095 GC heap before
{Heap before GC invocations=24 (full 4):
 PSYoungGen      total 313344K, used 288743K [0x00000000d5580000, 0x00000000ece00000, 0x0000000100000000)
  eden space 279552K, 100% used [0x00000000d5580000,0x00000000e6680000,0x00000000e6680000)
  from space 33792K, 27% used [0x00000000e6680000,0x00000000e6f79c08,0x00000000e8780000)
  to   space 32768K, 0% used [0x00000000eae00000,0x00000000eae00000,0x00000000ece00000)
 ParOldGen       total 150528K, used 75538K [0x0000000080000000, 0x0000000089300000, 0x00000000d5580000)
  object space 150528K, 50% used [0x0000000080000000,0x00000000849c4b00,0x0000000089300000)
 Metaspace       used 104129K, capacity 108516K, committed 108824K, reserved 1144832K
  class space    used 13426K, capacity 14314K, committed 14376K, reserved 1048576K
Event: 1050.136 GC heap after
Heap after GC invocations=24 (full 4):
 PSYoungGen      total 346624K, used 15980K [0x00000000d5580000, 0x00000000eca00000, 0x0000000100000000)
  eden space 317952K, 0% used [0x00000000d5580000,0x00000000d5580000,0x00000000e8c00000)
  from space 28672K, 55% used [0x00000000eae00000,0x00000000ebd9b038,0x00000000eca00000)
  to   space 31744K, 0% used [0x00000000e8c00000,0x00000000e8c00000,0x00000000eab00000)
 ParOldGen       total 150528K, used 75546K [0x0000000080000000, 0x0000000089300000, 0x00000000d5580000)
  object space 150528K, 50% used [0x0000000080000000,0x00000000849c6b00,0x0000000089300000)
 Metaspace       used 104129K, capacity 108516K, committed 108824K, reserved 1144832K
  class space    used 13426K, capacity 14314K, committed 14376K, reserved 1048576K
}
Event: 1055.817 GC heap before
{Heap before GC invocations=25 (full 4):
 PSYoungGen      total 346624K, used 333932K [0x00000000d5580000, 0x00000000eca00000, 0x0000000100000000)
  eden space 317952K, 100% used [0x00000000d5580000,0x00000000e8c00000,0x00000000e8c00000)
  from space 28672K, 55% used [0x00000000eae00000,0x00000000ebd9b038,0x00000000eca00000)
  to   space 31744K, 0% used [0x00000000e8c00000,0x00000000e8c00000,0x00000000eab00000)
 ParOldGen       total 150528K, used 75546K [0x0000000080000000, 0x0000000089300000, 0x00000000d5580000)
  object space 150528K, 50% used [0x0000000080000000,0x00000000849c6b00,0x0000000089300000)
 Metaspace       used 113640K, capacity 119156K, committed 119320K, reserved 1153024K
  class space    used 14753K, capacity 15800K, committed 15912K, reserved 1048576K
Event: 1056.085 GC heap after
Heap after GC invocations=25 (full 4):
 PSYoungGen      total 349696K, used 31713K [0x00000000d5580000, 0x00000000eca00000, 0x0000000100000000)
  eden space 317952K, 0% used [0x00000000d5580000,0x00000000d5580000,0x00000000e8c00000)
  from space 31744K, 99% used [0x00000000e8c00000,0x00000000eaaf8650,0x00000000eab00000)
  to   space 28672K, 0% used [0x00000000eae00000,0x00000000eae00000,0x00000000eca00000)
 ParOldGen       total 150528K, used 87113K [0x0000000080000000, 0x0000000089300000, 0x00000000d5580000)
  object space 150528K, 57% used [0x0000000080000000,0x0000000085512420,0x0000000089300000)
 Metaspace       used 113640K, capacity 119156K, committed 119320K, reserved 1153024K
  class space    used 14753K, capacity 15800K, committed 15912K, reserved 1048576K
}

